<?xml version="1.0" encoding="UTF-8"?>
<!-- Generated by org.testng.reporters.JUnitReportReporter -->
<testsuite skipped="1" hostname="DESKTOP-BGD5SC2" name="com.flipkart.stepDefinition.MobileValidation" tests="3" failures="0" timestamp="31 Mar 2022 11:30:45 GMT" time="0.384" errors="0">
  <testcase name="close" time="0.143" classname="com.flipkart.stepDefinition.MobileValidation"/>
  <testcase name="search" time="0.241" classname="com.flipkart.stepDefinition.MobileValidation"/>
  <testcase name="validation" classname="com.flipkart.stepDefinition.MobileValidation">
    <skipped/>
  </testcase> <!-- validation -->
</testsuite> <!-- com.flipkart.stepDefinition.MobileValidation -->
