<?xml version="1.0" encoding="UTF-8"?>
<!-- Generated by org.testng.reporters.JUnitReportReporter -->
<testsuite skipped="2" hostname="DESKTOP-BGD5SC2" name="com.flipkart.stepDefinition.SamsungMobileValidation" tests="5" failures="0" timestamp="31 Mar 2022 11:25:34 GMT" time="2.283" errors="0">
  <testcase name="close1" time="0.225" classname="com.flipkart.stepDefinition.SamsungMobileValidation"/>
  <testcase name="search2" time="0.298" classname="com.flipkart.stepDefinition.SamsungMobileValidation"/>
  <testcase name="names" time="1.760" classname="com.flipkart.stepDefinition.SamsungMobileValidation"/>
  <testcase name="validation1" classname="com.flipkart.stepDefinition.SamsungMobileValidation">
    <skipped/>
  </testcase> <!-- validation1 -->
  <testcase name="window1" classname="com.flipkart.stepDefinition.SamsungMobileValidation">
    <skipped/>
  </testcase> <!-- window1 -->
</testsuite> <!-- com.flipkart.stepDefinition.SamsungMobileValidation -->
